<?xml version="1.0" encoding="UTF-8"?>
<!-- Generated by org.testng.reporters.JUnitReportReporter -->
<testsuite hostname="LAPTOP-H6CJ0VO2" failures="0" tests="1" name="com.microsoft.ui.test.CareerTest" time="4.903" errors="0" timestamp="2022-09-16T08:52:53 IST" skipped="0">
  <testcase classname="com.microsoft.ui.test.CareerTest" name="Navigation" time="4.903"/>
  <system-out/>
</testsuite> <!-- com.microsoft.ui.test.CareerTest -->
